2025-08-04 05:43:11,644 - api_logger - INFO - ➡️ POST - https://stage.uhvahta.ru/web/api/v1/auth/verify-or-continue
2025-08-04 05:43:12,402 - api_logger - INFO - ⬅️ Status: 200
2025-08-04 05:43:12,402 - api_logger - INFO - Response: {'token_type': 'Bearer', 'access_token': 'eyJhbGciOiJIUzI1NiIsInR5cCI6IkpXVCJ9.eyJzdWIiOiI4OGYyNzY3Mi1mYzIwLTQ3MmUtODM1Yi0wNjZjZWQ2ZDc0NTgiLCJleHAiOjE3NTQzNzI1OTJ9.QZ1Kjwyxnu2fNnVfxNECEReht4infRiHYGry3XaAmAI', 'refresh_token': 'eyJhbGciOiJIUzI1NiIsInR5cCI6IkpXVCJ9.eyJzdWIiOiI4OGYyNzY3Mi1mYzIwLTQ3MmUtODM1Yi0wNjZjZWQ2ZDc0NTgiLCJleHAiOjE3NTY4NzgxOTJ9.4Fp7LZH2QTRPCksSu4cE_iXgKZMPiLt87AgrGeKtKAg', 'registered': True}
2025-08-04 05:43:12,406 - api_logger - INFO - ➡️ POST - https://stage.uhvahta.ru/web/api/v1/auth/verify-or-continue
2025-08-04 05:43:12,597 - api_logger - INFO - ⬅️ Status: 200
2025-08-04 05:43:12,598 - api_logger - INFO - Response: {'registered': False}
2025-08-04 05:43:12,601 - api_logger - INFO - ➡️ POST - https://stage.uhvahta.ru/web/api/v1/auth/send-otp
2025-08-04 05:43:12,784 - api_logger - INFO - ⬅️ Status: 204
2025-08-04 05:43:12,784 - api_logger - INFO - Response: No Content (204)
2025-08-04 05:43:12,787 - api_logger - INFO - ➡️ POST - https://stage.uhvahta.ru/web/api/v1/auth/send-otp
2025-08-04 05:43:12,972 - api_logger - INFO - ⬅️ Status: 422
2025-08-04 05:43:12,972 - api_logger - INFO - Response: {'detail': [{'type': 'value_error', 'loc': ['body', 'email'], 'msg': 'value is not a valid email address: An email address must have an @-sign.', 'input': 'invalid-email', 'ctx': {'reason': 'An email address must have an @-sign.'}}]}
2025-08-04 05:43:12,975 - api_logger - INFO - ➡️ POST - https://stage.uhvahta.ru/web/api/v1/auth/token/refresh
2025-08-04 05:43:13,171 - api_logger - INFO - ⬅️ Status: 200
2025-08-04 05:43:13,171 - api_logger - INFO - Response: {'token_type': 'Bearer', 'access_token': 'eyJhbGciOiJIUzI1NiIsInR5cCI6IkpXVCJ9.eyJzdWIiOiI4OGYyNzY3Mi1mYzIwLTQ3MmUtODM1Yi0wNjZjZWQ2ZDc0NTgiLCJleHAiOjE3NTQzNzI1OTN9.yGLYorHI4fDFVcv3D3xeqJ5cnl7det7XT8WUVou-zNA'}
2025-08-04 05:43:13,174 - api_logger - INFO - ➡️ POST - https://stage.uhvahta.ru/web/api/v1/auth/token/refresh
2025-08-04 05:43:13,358 - api_logger - INFO - ⬅️ Status: 401
2025-08-04 05:43:13,358 - api_logger - INFO - Response: {'detail': 'Not enough segments'}
2025-08-04 05:32:25,023 - api_logger - INFO - ➡️ POST - https://stage.uhvahta.ru/web/api/v1/auth/verify-or-continue
2025-08-04 05:32:29,621 - api_logger - INFO - ⬅️ Status: 200
2025-08-04 05:32:29,621 - api_logger - INFO - Response: {'token_type': 'Bearer', 'access_token': 'eyJhbGciOiJIUzI1NiIsInR5cCI6IkpXVCJ9.eyJzdWIiOiI4OGYyNzY3Mi1mYzIwLTQ3MmUtODM1Yi0wNjZjZWQ2ZDc0NTgiLCJleHAiOjE3NTQzNzE5NDl9.WxhZd8b6xErOTVIDkQz0HY9pvsSila0Z8wbLDph9khA', 'refresh_token': 'eyJhbGciOiJIUzI1NiIsInR5cCI6IkpXVCJ9.eyJzdWIiOiI4OGYyNzY3Mi1mYzIwLTQ3MmUtODM1Yi0wNjZjZWQ2ZDc0NTgiLCJleHAiOjE3NTY4Nzc1NDl9.EVeKdfb7CJpLT14MH2Oc9VoRy8HS6QLdAHmsnJ37ZGA', 'registered': True}
2025-08-04 05:32:29,625 - api_logger - INFO - ➡️ POST - https://stage.uhvahta.ru/web/api/v1/auth/verify-or-continue
2025-08-04 05:32:29,848 - api_logger - INFO - ⬅️ Status: 200
2025-08-04 05:32:29,849 - api_logger - INFO - Response: {'registered': False}
2025-08-04 05:32:29,852 - api_logger - INFO - ➡️ POST - https://stage.uhvahta.ru/web/api/v1/auth/send-otp
2025-08-04 05:32:30,000 - api_logger - INFO - ⬅️ Status: 204
2025-08-04 05:32:30,001 - api_logger - INFO - Response: No Content (204)
2025-08-04 05:32:30,004 - api_logger - INFO - ➡️ POST - https://stage.uhvahta.ru/web/api/v1/auth/send-otp
2025-08-04 05:32:30,152 - api_logger - INFO - ⬅️ Status: 422
2025-08-04 05:32:30,152 - api_logger - INFO - Response: {'detail': [{'type': 'value_error', 'loc': ['body', 'email'], 'msg': 'value is not a valid email address: An email address must have an @-sign.', 'input': 'invalid-email', 'ctx': {'reason': 'An email address must have an @-sign.'}}]}
2025-08-04 05:32:30,156 - api_logger - INFO - ➡️ POST - https://stage.uhvahta.ru/web/api/v1/auth/token/refresh
2025-08-04 05:32:30,366 - api_logger - INFO - ⬅️ Status: 200
2025-08-04 05:32:30,366 - api_logger - INFO - Response: {'token_type': 'Bearer', 'access_token': 'eyJhbGciOiJIUzI1NiIsInR5cCI6IkpXVCJ9.eyJzdWIiOiI4OGYyNzY3Mi1mYzIwLTQ3MmUtODM1Yi0wNjZjZWQ2ZDc0NTgiLCJleHAiOjE3NTQzNzE5NTB9.kwIrqDWmEUSatxjxzETu4xdonvZZoSR_EMhQkJPp0Bc'}
2025-08-04 05:32:30,370 - api_logger - INFO - ➡️ POST - https://stage.uhvahta.ru/web/api/v1/auth/token/refresh
2025-08-04 05:32:30,518 - api_logger - INFO - ⬅️ Status: 401
2025-08-04 05:32:30,519 - api_logger - INFO - Response: {'detail': 'Not enough segments'}
2025-08-04 04:10:18,063 - api_logger - INFO - ➡️ POST - https://stage.uhvahta.ru/web/api/v1/auth/verify-or-continue
2025-08-04 04:10:19,012 - api_logger - INFO - ⬅️ Status: 200
2025-08-04 04:10:19,012 - api_logger - INFO - Response: {'token_type': 'Bearer', 'access_token': 'eyJhbGciOiJIUzI1NiIsInR5cCI6IkpXVCJ9.eyJzdWIiOiI4OGYyNzY3Mi1mYzIwLTQ3MmUtODM1Yi0wNjZjZWQ2ZDc0NTgiLCJleHAiOjE3NTQzNjcwMTh9.zbFsqcrbdQQluPdGyYXcYNr7ZrW9eg5zTyjw9Fp803c', 'refresh_token': 'eyJhbGciOiJIUzI1NiIsInR5cCI6IkpXVCJ9.eyJzdWIiOiI4OGYyNzY3Mi1mYzIwLTQ3MmUtODM1Yi0wNjZjZWQ2ZDc0NTgiLCJleHAiOjE3NTY4NzI2MTh9.X-v_RhP5gyXRbtvxmlCio1d_n8uMbAYES7wGKDYXJ2U', 'registered': True}
2025-08-04 04:10:19,016 - api_logger - INFO - ➡️ POST - https://stage.uhvahta.ru/web/api/v1/auth/verify-or-continue
2025-08-04 04:10:19,154 - api_logger - INFO - ⬅️ Status: 200
2025-08-04 04:10:19,154 - api_logger - INFO - Response: {'registered': False}
2025-08-04 04:10:19,158 - api_logger - INFO - ➡️ POST - https://stage.uhvahta.ru/web/api/v1/auth/send-otp
2025-08-04 04:10:19,288 - api_logger - INFO - ⬅️ Status: 204
2025-08-04 04:10:19,288 - api_logger - INFO - Response: No Content (204)
2025-08-04 04:10:19,291 - api_logger - INFO - ➡️ POST - https://stage.uhvahta.ru/web/api/v1/auth/send-otp
2025-08-04 04:10:19,421 - api_logger - INFO - ⬅️ Status: 422
2025-08-04 04:10:19,421 - api_logger - INFO - Response: {'detail': [{'type': 'value_error', 'loc': ['body', 'email'], 'msg': 'value is not a valid email address: An email address must have an @-sign.', 'input': 'invalid-email', 'ctx': {'reason': 'An email address must have an @-sign.'}}]}
2025-08-04 04:10:19,425 - api_logger - INFO - ➡️ POST - https://stage.uhvahta.ru/web/api/v1/auth/token/refresh
2025-08-04 04:10:19,564 - api_logger - INFO - ⬅️ Status: 200
2025-08-04 04:10:19,564 - api_logger - INFO - Response: {'token_type': 'Bearer', 'access_token': 'eyJhbGciOiJIUzI1NiIsInR5cCI6IkpXVCJ9.eyJzdWIiOiI4OGYyNzY3Mi1mYzIwLTQ3MmUtODM1Yi0wNjZjZWQ2ZDc0NTgiLCJleHAiOjE3NTQzNjcwMTl9.AiUkIIAfTDSFDfZ8dVx2cYm0mud1cfTfKCXpcTSSxB4'}
2025-08-04 04:10:19,568 - api_logger - INFO - ➡️ POST - https://stage.uhvahta.ru/web/api/v1/auth/token/refresh
2025-08-04 04:10:19,698 - api_logger - INFO - ⬅️ Status: 401
2025-08-04 04:10:19,698 - api_logger - INFO - Response: {'detail': 'Not enough segments'}
2025-08-04 04:05:46,707 - api_logger - INFO - ➡️ GET - https://stage.uhvahta.ru/web/api/v1/recruiter/profile
2025-08-04 04:05:47,830 - api_logger - INFO - ➡️ GET - https://stage.uhvahta.ru/web/api/v1/recruiter/profile
2025-08-04 04:05:48,017 - api_logger - INFO - ⬅️ Status: 401
2025-08-04 04:05:48,017 - api_logger - INFO - Response: {'detail': 'Not authenticated'}
2025-08-04 04:05:48,020 - api_logger - INFO - ➡️ GET - https://stage.uhvahta.ru/webNone/api/v1/subscription/tariff
2025-08-04 03:30:43,105 - api_logger - INFO - ➡️ POST - /api/v1/auth/verify-or-continue
2025-08-04 03:30:43,172 - api_logger - INFO - ➡️ POST - /api/v1/auth/verify-or-continue
2025-08-04 03:30:43,206 - api_logger - INFO - ➡️ POST - /api/v1/auth/send-otp
2025-08-04 03:30:43,240 - api_logger - INFO - ➡️ POST - /api/v1/auth/send-otp
2025-08-04 03:30:43,275 - api_logger - INFO - ➡️ POST - /api/v1/auth/token/refresh
2025-08-04 03:30:43,309 - api_logger - INFO - ➡️ POST - /api/v1/auth/token/refresh
2025-08-04 03:23:25,249 - api_logger - INFO - ➡️ POST - /api/v1/auth/verify-or-continue
2025-08-04 03:23:25,313 - api_logger - INFO - ➡️ POST - /api/v1/auth/verify-or-continue
2025-08-04 03:23:25,344 - api_logger - INFO - ➡️ POST - /api/v1/auth/send-otp
2025-08-04 03:23:25,376 - api_logger - INFO - ➡️ POST - /api/v1/auth/send-otp
2025-08-04 03:23:25,408 - api_logger - INFO - ➡️ POST - /api/v1/auth/token/refresh
2025-08-04 03:23:25,440 - api_logger - INFO - ➡️ POST - /api/v1/auth/token/refresh
